[2025-06-18 11:00:58] 自動投稿Cronスクリプト開始
[2025-06-18 11:00:58] 自動投稿設定: 会議室予定自動投稿
[2025-06-18 11:00:59] 予約データ取得完了: 9件
[2025-06-18 11:00:59] Google Chatに投稿成功
[2025-06-18 11:00:59] 投稿時刻を更新しました
[2025-06-18 11:00:59] 自動投稿Cronスクリプト完了
[2025-06-18 11:01:11] 自動投稿Cronスクリプト開始
[2025-06-18 11:01:11] 自動投稿設定: 会議室予定自動投稿
[2025-06-18 11:01:11] まだ投稿時間ではありません (次回投稿: 2025-06-18 11:10:59)
[2025-06-18 11:24:03] 自動投稿Cronスクリプト開始
[2025-06-18 11:24:03] 自動投稿設定: 会議室予定自動投稿
[2025-06-18 11:24:03] 予約データ取得完了: 9件
[2025-06-18 11:24:03] Google Chatに投稿成功
[2025-06-18 11:24:03] 投稿時刻を更新しました
[2025-06-18 11:24:03] 自動投稿Cronスクリプト完了
[2025-06-19 11:29:13] 自動投稿Cronスクリプト開始
[2025-06-19 11:29:13] 自動投稿設定: 会議室予定自動投稿
[2025-06-19 11:29:13] 投稿時間外です (現在: 11:29, 投稿時間: 08:50-08:51)
[2025-06-19 11:36:44] 自動投稿Cronスクリプト開始
[2025-06-19 11:38:09] 自動投稿Cronスクリプト開始
[2025-06-19 11:38:46] 自動投稿Cronスクリプト開始
[2025-06-19 11:38:46] 自動投稿設定: 会議室予定自動投稿
[2025-06-19 11:38:46] 投稿時間外です (現在: 11:38, 投稿時間: 08:50-08:51)
[2025-06-19 11:39:08] 自動投稿Cronスクリプト開始
[2025-06-19 11:39:08] 自動投稿設定: 会議室予定自動投稿
[2025-06-19 11:39:08] 投稿時間外です (現在: 11:39, 投稿時間: 02:38-02:39)
[2025-06-19 11:39:28] 自動投稿Cronスクリプト開始
[2025-06-19 11:39:28] 自動投稿設定: 会議室予定自動投稿
[2025-06-19 11:39:28] 予約データ取得完了: 9件
[2025-06-19 11:39:28] Google Chatに投稿成功
[2025-06-19 11:39:28] 投稿時刻を更新しました
[2025-06-19 11:39:28] 自動投稿Cronスクリプト完了
[2025-06-19 12:45:26] 自動投稿Cronスクリプト開始
[2025-06-19 12:45:26] 自動投稿設定: 会議室予定自動投稿
[2025-06-19 12:45:26] 投稿時間外です (現在: 12:45, 投稿時間: 13:00-13:01)
[2025-06-19 12:45:48] 自動投稿Cronスクリプト開始
[2025-06-19 12:45:48] 自動投稿設定: 会議室予定自動投稿
[2025-06-19 12:45:48] 投稿時間外です (現在: 12:45, 投稿時間: 08:50-08:51)
